2022-08-09 02:26:37,347 : INFO : log : Showing data information
2022-08-09 02:35:37,065 : INFO : log : Colums with missing values: ['width', 'height', 'geo_country', 'device_type', 'browser', 'Delivery Requirements (Black/Audience/White List)', 'Buy Rate (CPE)', 'Volume Agreed', 'Gross Cost/Budget', 'Agency Fee', 'Percentage', 'Flat Fee', 'Net Cost', 'labels_engagement', 'labels_clickthr', 'text_engagement', 'text_clickthr', 'colors_engagement_red', 'colors_engagement_green', 'colors_engagement_blue', 'colors_engagement_proportion', 'colors_engagement_saturation', 'colors_engagement_luminosity', 'colors_clickthr_red', 'colors_clickthr_green', 'colors_clickthr_blue', 'colors_clickthr_proportion', 'colors_clickthr_saturation', 'colors_clickthr_luminosity', 'videosd', 'eng_type', 'direction', 'adunit_sizex', 'adunit_sizey']
2022-08-09 02:35:56,539 : INFO : log : Showing missing percentage
2022-08-09 02:44:16,523 : INFO : log : Colums with missing values: ['width', 'height', 'geo_country', 'device_type', 'browser', 'Buy Rate (CPE)', 'Volume Agreed', 'Gross Cost/Budget', 'Agency Fee', 'Percentage', 'Net Cost', 'labels_engagement', 'labels_clickthr', 'text_engagement', 'text_clickthr', 'colors_engagement_red', 'colors_engagement_green', 'colors_engagement_blue', 'colors_engagement_proportion', 'colors_engagement_saturation', 'colors_engagement_luminosity', 'colors_clickthr_red', 'colors_clickthr_green', 'colors_clickthr_blue', 'colors_clickthr_proportion', 'colors_clickthr_saturation', 'colors_clickthr_luminosity', 'videosd', 'eng_type', 'direction', 'adunit_sizex', 'adunit_sizey']
2022-08-09 02:45:50,523 : INFO : log : Showing missing percentage
2022-08-09 03:21:54,365 : INFO : log : Showing data information
2022-08-09 03:22:05,198 : INFO : log : Colums with missing values: ['Delivery Requirements (Black/Audience/White List)', 'Buy Rate (CPE)', 'Volume Agreed', 'Gross Cost/Budget', 'Percentage', 'Flat Fee', 'labels_engagement', 'labels_clickthr', 'text_engagement', 'text_clickthr', 'colors_engagement_red', 'colors_engagement_green', 'colors_engagement_blue', 'colors_engagement_proportion', 'colors_engagement_saturation', 'colors_engagement_luminosity', 'colors_clickthr_red', 'colors_clickthr_green', 'colors_clickthr_blue', 'colors_clickthr_proportion', 'colors_clickthr_saturation', 'colors_clickthr_luminosity', 'videosd', 'eng_type', 'direction', 'adunit_sizex', 'adunit_sizey']
2022-08-09 03:22:06,725 : INFO : log : Showing missing percentage
2022-08-09 03:24:40,154 : INFO : log : Showing missing percentage
2022-08-09 03:43:20,816 : INFO : log : Showing missing percentage
2022-08-09 03:43:45,677 : INFO : log : Showing missing percentage
2022-08-09 03:47:52,525 : INFO : log : Showing missing percentage
2022-08-09 03:50:33,151 : INFO : log : Dropped duplicates: Int64Index([], dtype='int64')
2022-08-09 03:52:03,589 : INFO : log : Showing data description
2022-08-09 03:54:23,041 : INFO : log : Showing datatypes
2022-08-09 04:07:01,579 : INFO : log : Showing datatypes
2022-08-09 04:07:01,579 : INFO : log : Showing datatypes
2022-08-09 04:25:11,902 : INFO : log : Outlier for ['Buy Rate (CPE)', 'Volume Agreed', 'Gross Cost/Budget', 'Percentage', 'Net Cost', 'colors_engagement_red', 'colors_engagement_green', 'colors_engagement_blue', 'colors_engagement_proportion', 'colors_engagement_saturation', 'colors_engagement_luminosity', 'colors_clickthr_red', 'colors_clickthr_green', 'colors_clickthr_blue', 'colors_clickthr_proportion', 'colors_clickthr_saturation', 'colors_clickthr_luminosity', 'adunit_sizex', 'adunit_sizey'] is fixed
2022-08-09 04:25:11,902 : INFO : log : Outlier for ['Buy Rate (CPE)', 'Volume Agreed', 'Gross Cost/Budget', 'Percentage', 'Net Cost', 'colors_engagement_red', 'colors_engagement_green', 'colors_engagement_blue', 'colors_engagement_proportion', 'colors_engagement_saturation', 'colors_engagement_luminosity', 'colors_clickthr_red', 'colors_clickthr_green', 'colors_clickthr_blue', 'colors_clickthr_proportion', 'colors_clickthr_saturation', 'colors_clickthr_luminosity', 'adunit_sizex', 'adunit_sizey'] is fixed
2022-08-09 04:34:21,313 : INFO : log : Plot a box plot.
2022-08-09 04:34:21,313 : INFO : log : Plot a box plot.
2022-08-09 04:35:05,647 : INFO : log : Plot a box plot.
2022-08-09 04:35:05,647 : INFO : log : Plot a box plot.
2022-08-09 04:35:41,399 : INFO : log : Plot a box plot.
2022-08-09 04:35:41,399 : INFO : log : Plot a box plot.
2022-08-09 04:59:41,021 : INFO : log : Showing data information
2022-08-09 04:59:45,756 : INFO : log : Colums with missing values: ['Delivery Requirements (Black/Audience/White List)', 'Buy Rate (CPE)', 'Volume Agreed', 'Agency Fee', 'Percentage', 'Flat Fee', 'Net Cost', 'labels_engagement', 'labels_clickthr', 'text_engagement', 'text_clickthr', 'colors_engagement_red', 'colors_engagement_green', 'colors_engagement_blue', 'colors_engagement_proportion', 'colors_engagement_saturation', 'colors_engagement_luminosity', 'colors_clickthr_red', 'colors_clickthr_green', 'colors_clickthr_blue', 'colors_clickthr_proportion', 'colors_clickthr_saturation', 'colors_clickthr_luminosity', 'videosd', 'eng_type', 'direction', 'adunit_sizex', 'adunit_sizey']
2022-08-09 04:59:47,576 : INFO : log : Showing missing percentage
2022-08-09 05:00:04,919 : INFO : log : Showing missing percentage
2022-08-09 05:02:48,709 : INFO : log : Showing data information
2022-08-09 05:02:56,654 : INFO : log : Colums with missing values: ['browser', 'Delivery Requirements (Black/Audience/White List)', 'Flat Fee', 'labels_engagement', 'labels_clickthr', 'text_engagement', 'text_clickthr', 'colors_engagement_red', 'colors_engagement_green', 'colors_engagement_blue', 'colors_engagement_proportion', 'colors_engagement_saturation', 'colors_engagement_luminosity', 'colors_clickthr_red', 'colors_clickthr_green', 'colors_clickthr_blue', 'colors_clickthr_proportion', 'colors_clickthr_saturation', 'colors_clickthr_luminosity', 'videosd', 'eng_type', 'direction', 'adunit_sizex', 'adunit_sizey']
2022-08-09 05:02:57,642 : INFO : log : Showing missing percentage
2022-08-09 05:07:02,499 : INFO : log : Showing missing percentage
2022-08-09 05:09:52,562 : INFO : log : Showing data information
2022-08-09 05:09:56,093 : INFO : log : Colums with missing values: ['Delivery Requirements (Black/Audience/White List)', 'Flat Fee', 'labels_engagement', 'labels_clickthr', 'text_engagement', 'text_clickthr', 'colors_engagement_red', 'colors_engagement_green', 'colors_engagement_blue', 'colors_engagement_proportion', 'colors_engagement_saturation', 'colors_engagement_luminosity', 'colors_clickthr_red', 'colors_clickthr_green', 'colors_clickthr_blue', 'colors_clickthr_proportion', 'colors_clickthr_saturation', 'colors_clickthr_luminosity', 'videosd', 'eng_type', 'direction', 'adunit_sizex', 'adunit_sizey']
2022-08-09 05:09:57,263 : INFO : log : Showing missing percentage
2022-08-09 05:10:25,803 : INFO : log : Showing data information
2022-08-09 05:11:10,848 : INFO : log : Showing data information
2022-08-09 05:11:17,129 : INFO : log : Colums with missing values: ['height', 'device_type', 'Delivery Requirements (Black/Audience/White List)', 'Buy Rate (CPE)', 'Volume Agreed', 'Gross Cost/Budget', 'Flat Fee', 'labels_engagement', 'labels_clickthr', 'text_engagement', 'text_clickthr', 'colors_engagement_red', 'colors_engagement_green', 'colors_engagement_blue', 'colors_engagement_proportion', 'colors_engagement_saturation', 'colors_engagement_luminosity', 'colors_clickthr_red', 'colors_clickthr_green', 'colors_clickthr_blue', 'colors_clickthr_proportion', 'colors_clickthr_saturation', 'colors_clickthr_luminosity', 'videosd', 'eng_type', 'direction', 'adunit_sizex', 'adunit_sizey']
2022-08-09 05:11:19,018 : INFO : log : Showing missing percentage
2022-08-09 05:11:46,453 : INFO : log : Showing missing percentage
2022-08-09 05:12:16,379 : INFO : log : Dropped duplicates: Int64Index([859, 3809, 5388, 5390, 7421, 18395, 19993, 20435, 32728, 34591,
            41272, 47663],
           dtype='int64')
2022-08-09 05:12:17,462 : INFO : log : Showing data description
2022-08-09 05:12:18,022 : INFO : log : Showing datatypes
2022-08-09 05:12:30,685 : INFO : log : Plot a box plot.
2022-08-09 05:12:31,064 : INFO : log : Plot a box plot.
2022-08-09 05:12:33,871 : INFO : log : Plot a box plot.
2022-08-09 05:14:17,987 : INFO : log : Showing data information
2022-08-09 05:14:47,826 : INFO : log : Colums with missing values: ['browser', 'Delivery Requirements (Black/Audience/White List)', 'Buy Rate (CPE)', 'Volume Agreed', 'Gross Cost/Budget', 'Percentage', 'Flat Fee', 'labels_engagement', 'labels_clickthr', 'text_engagement', 'text_clickthr', 'colors_engagement_red', 'colors_engagement_green', 'colors_engagement_blue', 'colors_engagement_proportion', 'colors_engagement_saturation', 'colors_engagement_luminosity', 'colors_clickthr_red', 'colors_clickthr_green', 'colors_clickthr_blue', 'colors_clickthr_proportion', 'colors_clickthr_saturation', 'colors_clickthr_luminosity', 'videosd', 'eng_type', 'direction', 'adunit_sizex', 'adunit_sizey']
2022-08-09 05:14:49,020 : INFO : log : Showing missing percentage
2022-08-09 09:35:42,584 : INFO : log : Showing data information
2022-08-09 09:36:05,250 : INFO : log : Colums with missing values: ['browser', 'Delivery Requirements (Black/Audience/White List)', 'Buy Rate (CPE)', 'Volume Agreed', 'Gross Cost/Budget', 'Agency Fee', 'Percentage', 'Flat Fee', 'Net Cost', 'labels_engagement', 'labels_clickthr', 'text_engagement', 'text_clickthr', 'colors_engagement_red', 'colors_engagement_green', 'colors_engagement_blue', 'colors_engagement_proportion', 'colors_engagement_saturation', 'colors_engagement_luminosity', 'colors_clickthr_red', 'colors_clickthr_green', 'colors_clickthr_blue', 'colors_clickthr_proportion', 'colors_clickthr_saturation', 'colors_clickthr_luminosity', 'videosd', 'eng_type', 'direction', 'adunit_sizex', 'adunit_sizey']
2022-08-09 09:36:08,213 : INFO : log : Showing missing percentage
2022-08-09 09:36:53,791 : INFO : log : Showing missing percentage
2022-08-09 09:37:58,795 : INFO : log : Dropped duplicates: Int64Index([ 3363,  8014,  9190,  9192, 12413, 12415, 14130, 14283, 15875,
            16233, 16257, 20098, 23538, 24732, 27618, 28123, 28940, 30794,
            30821, 31035, 31848, 33228, 38043, 38149, 43888, 43892, 43911,
            43924, 44754, 44784, 47675, 47746, 48053, 49088, 49148],
           dtype='int64')
2022-08-09 09:38:13,472 : INFO : log : Showing data description
2022-08-09 09:38:15,107 : INFO : log : Showing datatypes
2022-08-09 09:38:29,516 : INFO : log : Plot a box plot.
2022-08-09 09:38:32,379 : INFO : log : Plot a box plot.
2022-08-09 09:38:34,421 : INFO : log : Plot a box plot.
2022-08-09 09:38:41,235 : INFO : log : Outlier for ['Buy Rate (CPE)', 'Volume Agreed', 'Gross Cost/Budget', 'Percentage', 'Net Cost', 'colors_engagement_red', 'colors_engagement_green', 'colors_engagement_blue', 'colors_engagement_proportion', 'colors_engagement_saturation', 'colors_engagement_luminosity', 'colors_clickthr_red', 'colors_clickthr_green', 'colors_clickthr_blue', 'colors_clickthr_proportion', 'colors_clickthr_saturation', 'colors_clickthr_luminosity', 'adunit_sizex', 'adunit_sizey'] is fixed
2022-08-09 09:38:41,235 : INFO : log : Outlier for ['Buy Rate (CPE)', 'Volume Agreed', 'Gross Cost/Budget', 'Percentage', 'Net Cost', 'colors_engagement_red', 'colors_engagement_green', 'colors_engagement_blue', 'colors_engagement_proportion', 'colors_engagement_saturation', 'colors_engagement_luminosity', 'colors_clickthr_red', 'colors_clickthr_green', 'colors_clickthr_blue', 'colors_clickthr_proportion', 'colors_clickthr_saturation', 'colors_clickthr_luminosity', 'adunit_sizex', 'adunit_sizey'] is fixed
2022-08-09 10:34:24,466 : INFO : log : Showing data information
2022-08-09 10:38:36,934 : INFO : log : Showing data information
2022-08-09 12:22:44,334 : INFO : log : Plot a histogram.
2022-08-09 12:24:48,115 : INFO : log : Plot a histogram.
2022-08-09 12:24:57,911 : INFO : log : Plot a histogram.
2022-08-09 12:26:50,557 : INFO : log : Plot a histogram.
2022-08-09 12:26:55,351 : INFO : log : Plot a histogram.
2022-08-09 12:27:07,174 : INFO : log : Plot a histogram.
2022-08-09 12:28:32,904 : INFO : log : Plot a histogram.
2022-08-09 12:46:41,103 : INFO : log : Plot a histogram.
2022-08-09 12:48:28,037 : INFO : log : Plot a histogram.
2022-08-09 12:50:04,448 : INFO : log : Plot a histogram.
2022-08-09 13:00:38,191 : INFO : log : Plot a histogram.
2022-08-09 13:00:47,533 : INFO : log : Plot a histogram.
2022-08-09 13:03:16,345 : INFO : log : Plot a histogram.
2022-08-09 13:12:31,265 : INFO : log : Plot a histogram.
2022-08-09 13:15:02,066 : INFO : log : Plot a histogram.
2022-08-09 20:41:41,965 : INFO : log : Plot rectangular data as a color-encoded matrix and correlation matrix.
2022-08-09 21:45:49,223 : INFO : log : Showing data information
2022-08-09 21:47:31,201 : INFO : log : Showing data information
2022-08-09 21:48:39,346 : INFO : log : Showing data information
